<?xml version="1.0" encoding="UTF-8"?>
<testng-results ignored="0" total="1" passed="1" failed="0" skipped="0">
  <reporter-output>
  </reporter-output>
  <suite started-at="2026-05-19T23:37:50 IST" name="Default suite" finished-at="2026-05-19T23:37:55 IST" duration-ms="4484">
    <groups>
    </groups>
    <test started-at="2026-05-19T23:37:50 IST" name="Default test" finished-at="2026-05-19T23:37:55 IST" duration-ms="4484">
      <class name="Scanoio.RunTestScano">
        <test-method is-config="true" signature="setup()[pri:0, instance:Scanoio.RunTestScano@41d477ed]" started-at="2026-05-19T23:37:50 IST" name="setup" finished-at="2026-05-19T23:37:54 IST" duration-ms="3613" status="PASS">
          <reporter-output>
          </reporter-output>
        </test-method> <!-- setup -->
        <test-method signature="completeFlowTest()[pri:0, instance:Scanoio.RunTestScano@41d477ed]" started-at="2026-05-19T23:37:54 IST" name="completeFlowTest" finished-at="2026-05-19T23:37:55 IST" duration-ms="683" status="PASS">
          <reporter-output>
          </reporter-output>
        </test-method> <!-- completeFlowTest -->
        <test-method is-config="true" signature="teardown()[pri:0, instance:Scanoio.RunTestScano@41d477ed]" started-at="2026-05-19T23:37:55 IST" name="teardown" finished-at="2026-05-19T23:37:55 IST" duration-ms="154" status="PASS">
          <reporter-output>
          </reporter-output>
        </test-method> <!-- teardown -->
      </class> <!-- Scanoio.RunTestScano -->
    </test> <!-- Default test -->
  </suite> <!-- Default suite -->
</testng-results>
